Running php-build composer
WARNING! Your password will be stored unencrypted in /home/runner/.docker/config.json.
Configure a credential helper to remove this warning. See
https://docs.docker.com/engine/reference/commandline/login/#credentials-store

Login Succeeded
Pulling docker.pkg.github.com/fossbilling/fossbilling/php-actions_composer_fossbilling:php-latest-build2.1.0
php-latest-build2.1.0: Pulling from fossbilling/fossbilling/php-actions_composer_fossbilling
f56be85fc22e: Already exists
ace8de9a4ff5: Pulling fs layer
ac818333da4c: Pulling fs layer
10f4138fad9a: Pulling fs layer
b3aa9c792598: Pulling fs layer
1a0508970aa2: Pulling fs layer
e8421fb51204: Pulling fs layer
4b2d31c32754: Pulling fs layer
8666f197e8d1: Pulling fs layer
213a7b664734: Pulling fs layer
b3aa9c792598: Waiting
1a0508970aa2: Waiting
e8421fb51204: Waiting
4b2d31c32754: Waiting
8666f197e8d1: Waiting
213a7b664734: Waiting
ac818333da4c: Verifying Checksum
ac818333da4c: Download complete
10f4138fad9a: Verifying Checksum
10f4138fad9a: Download complete
ace8de9a4ff5: Verifying Checksum
ace8de9a4ff5: Download complete
ace8de9a4ff5: Pull complete
1a0508970aa2: Verifying Checksum
1a0508970aa2: Download complete
ac818333da4c: Pull complete
10f4138fad9a: Pull complete
b3aa9c792598: Verifying Checksum
b3aa9c792598: Download complete
e8421fb51204: Verifying Checksum
e8421fb51204: Download complete
4b2d31c32754: Verifying Checksum
4b2d31c32754: Download complete
b3aa9c792598: Pull complete
1a0508970aa2: Pull complete
8666f197e8d1: Verifying Checksum
8666f197e8d1: Download complete
213a7b664734: Verifying Checksum
213a7b664734: Download complete
e8421fb51204: Pull complete
4b2d31c32754: Pull complete
8666f197e8d1: Pull complete
213a7b664734: Pull complete
Digest: sha256:8a79e9a5be098b62ef240a33c955e06060b1b592d5e2cb9908ea25cc44ddc82b
Status: Downloaded newer image for docker.pkg.github.com/fossbilling/fossbilling/php-actions_composer_fossbilling:php-latest-build2.1.0
docker.pkg.github.com/fossbilling/fossbilling/php-actions_composer_fossbilling:php-latest-build2.1.0
Docker tag: docker.pkg.github.com/fossbilling/fossbilling/php-actions_composer_fossbilling:php-latest-build2.1.0
No private keys supplied
Command: composer validate --no-interaction
Skipping env variable PWD
Skipping env variable HOME
Skipping env variable SHLVL
Skipping env variable PATH
