[31-Aug-2020 18:15:01 UTC] PHP Parse error:  syntax error, unexpected 'class' (T_CLASS), expecting identifier (T_STRING) or variable (T_VARIABLE) or '{' or '$' in /var/www/vhosts/webbhostingservices.com/httpdocs/boxbilling/bb-di.php on line 153
[31-Aug-2020 18:20:02 UTC] PHP Parse error:  syntax error, unexpected 'class' (T_CLASS), expecting identifier (T_STRING) or variable (T_VARIABLE) or '{' or '$' in /var/www/vhosts/webbhostingservices.com/httpdocs/boxbilling/bb-di.php on line 153
[31-Aug-2020 18:25:01 UTC] PHP Parse error:  syntax error, unexpected 'class' (T_CLASS), expecting identifier (T_STRING) or variable (T_VARIABLE) or '{' or '$' in /var/www/vhosts/webbhostingservices.com/httpdocs/boxbilling/bb-di.php on line 153
[31-Aug-2020 18:30:02 UTC] PHP Parse error:  syntax error, unexpected 'class' (T_CLASS), expecting identifier (T_STRING) or variable (T_VARIABLE) or '{' or '$' in /var/www/vhosts/webbhostingservices.com/httpdocs/boxbilling/bb-di.php on line 153
[31-Aug-2020 18:35:01 UTC] PHP Parse error:  syntax error, unexpected 'class' (T_CLASS), expecting identifier (T_STRING) or variable (T_VARIABLE) or '{' or '$' in /var/www/vhosts/webbhostingservices.com/httpdocs/boxbilling/bb-di.php on line 153
[31-Aug-2020 18:40:02 UTC] PHP Parse error:  syntax error, unexpected 'class' (T_CLASS), expecting identifier (T_STRING) or variable (T_VARIABLE) or '{' or '$' in /var/www/vhosts/webbhostingservices.com/httpdocs/boxbilling/bb-di.php on line 153
[31-Aug-2020 18:45:02 UTC] PHP Parse error:  syntax error, unexpected 'class' (T_CLASS), expecting identifier (T_STRING) or variable (T_VARIABLE) or '{' or '$' in /var/www/vhosts/webbhostingservices.com/httpdocs/boxbilling/bb-di.php on line 153
[31-Aug-2020 18:50:02 UTC] PHP Parse error:  syntax error, unexpected 'class' (T_CLASS), expecting identifier (T_STRING) or variable (T_VARIABLE) or '{' or '$' in /var/www/vhosts/webbhostingservices.com/httpdocs/boxbilling/bb-di.php on line 153
[31-Aug-2020 18:55:01 UTC] PHP Parse error:  syntax error, unexpected 'class' (T_CLASS), expecting identifier (T_STRING) or variable (T_VARIABLE) or '{' or '$' in /var/www/vhosts/webbhostingservices.com/httpdocs/boxbilling/bb-di.php on line 153
[31-Aug-2020 19:00:02 UTC] PHP Parse error:  syntax error, unexpected 'class' (T_CLASS), expecting identifier (T_STRING) or variable (T_VARIABLE) or '{' or '$' in /var/www/vhosts/webbhostingservices.com/httpdocs/boxbilling/bb-di.php on line 153
[31-Aug-2020 19:05:02 UTC] PHP Parse error:  syntax error, unexpected 'class' (T_CLASS), expecting identifier (T_STRING) or variable (T_VARIABLE) or '{' or '$' in /var/www/vhosts/webbhostingservices.com/httpdocs/boxbilling/bb-di.php on line 153
[31-Aug-2020 19:10:01 UTC] PHP Parse error:  syntax error, unexpected 'class' (T_CLASS), expecting identifier (T_STRING) or variable (T_VARIABLE) or '{' or '$' in /var/www/vhosts/webbhostingservices.com/httpdocs/boxbilling/bb-di.php on line 153
[31-Aug-2020 19:15:01 UTC] PHP Parse error:  syntax error, unexpected 'class' (T_CLASS), expecting identifier (T_STRING) or variable (T_VARIABLE) or '{' or '$' in /var/www/vhosts/webbhostingservices.com/httpdocs/boxbilling/bb-di.php on line 153
[31-Aug-2020 19:20:01 UTC] PHP Parse error:  syntax error, unexpected 'class' (T_CLASS), expecting identifier (T_STRING) or variable (T_VARIABLE) or '{' or '$' in /var/www/vhosts/webbhostingservices.com/httpdocs/boxbilling/bb-di.php on line 153
[31-Aug-2020 19:25:01 UTC] PHP Parse error:  syntax error, unexpected 'class' (T_CLASS), expecting identifier (T_STRING) or variable (T_VARIABLE) or '{' or '$' in /var/www/vhosts/webbhostingservices.com/httpdocs/boxbilling/bb-di.php on line 153
[31-Aug-2020 19:30:02 UTC] PHP Parse error:  syntax error, unexpected 'class' (T_CLASS), expecting identifier (T_STRING) or variable (T_VARIABLE) or '{' or '$' in /var/www/vhosts/webbhostingservices.com/httpdocs/boxbilling/bb-di.php on line 153
[31-Aug-2020 19:35:01 UTC] PHP Parse error:  syntax error, unexpected 'class' (T_CLASS), expecting identifier (T_STRING) or variable (T_VARIABLE) or '{' or '$' in /var/www/vhosts/webbhostingservices.com/httpdocs/boxbilling/bb-di.php on line 153
[31-Aug-2020 19:40:02 UTC] PHP Parse error:  syntax error, unexpected 'class' (T_CLASS), expecting identifier (T_STRING) or variable (T_VARIABLE) or '{' or '$' in /var/www/vhosts/webbhostingservices.com/httpdocs/boxbilling/bb-di.php on line 153
[31-Aug-2020 19:45:01 UTC] PHP Parse error:  syntax error, unexpected 'class' (T_CLASS), expecting identifier (T_STRING) or variable (T_VARIABLE) or '{' or '$' in /var/www/vhosts/webbhostingservices.com/httpdocs/boxbilling/bb-di.php on line 153
[31-Aug-2020 19:50:02 UTC] PHP Parse error:  syntax error, unexpected 'class' (T_CLASS), expecting identifier (T_STRING) or variable (T_VARIABLE) or '{' or '$' in /var/www/vhosts/webbhostingservices.com/httpdocs/boxbilling/bb-di.php on line 153
[31-Aug-2020 19:55:01 UTC] PHP Parse error:  syntax error, unexpected 'class' (T_CLASS), expecting identifier (T_STRING) or variable (T_VARIABLE) or '{' or '$' in /var/www/vhosts/webbhostingservices.com/httpdocs/boxbilling/bb-di.php on line 153
[31-Aug-2020 20:00:02 UTC] PHP Parse error:  syntax error, unexpected 'class' (T_CLASS), expecting identifier (T_STRING) or variable (T_VARIABLE) or '{' or '$' in /var/www/vhosts/webbhostingservices.com/httpdocs/boxbilling/bb-di.php on line 153
[31-Aug-2020 20:05:01 UTC] PHP Parse error:  syntax error, unexpected 'class' (T_CLASS), expecting identifier (T_STRING) or variable (T_VARIABLE) or '{' or '$' in /var/www/vhosts/webbhostingservices.com/httpdocs/boxbilling/bb-di.php on line 153
[31-Aug-2020 20:10:01 UTC] PHP Parse error:  syntax error, unexpected 'class' (T_CLASS), expecting identifier (T_STRING) or variable (T_VARIABLE) or '{' or '$' in /var/www/vhosts/webbhostingservices.com/httpdocs/boxbilling/bb-di.php on line 153
[31-Aug-2020 20:15:01 UTC] PHP Parse error:  syntax error, unexpected 'class' (T_CLASS), expecting identifier (T_STRING) or variable (T_VARIABLE) or '{' or '$' in /var/www/vhosts/webbhostingservices.com/httpdocs/boxbilling/bb-di.php on line 153
[31-Aug-2020 20:20:02 UTC] PHP Parse error:  syntax error, unexpected 'class' (T_CLASS), expecting identifier (T_STRING) or variable (T_VARIABLE) or '{' or '$' in /var/www/vhosts/webbhostingservices.com/httpdocs/boxbilling/bb-di.php on line 153
[31-Aug-2020 20:21:23 UTC] 8 Trying to access array offset on value of type null /var/www/vhosts/webbhostingservices.com/httpdocs/boxbilling/bb-library/Box/Log.php 123
[31-Aug-2020 20:21:23 UTC] PHP Notice:  Trying to access array offset on value of type null in /var/www/vhosts/webbhostingservices.com/httpdocs/boxbilling/bb-library/Box/Log.php on line 123
[31-Aug-2020 20:21:23 UTC] 8 Trying to access array offset on value of type null /var/www/vhosts/webbhostingservices.com/httpdocs/boxbilling/bb-library/Box/Log.php 123
[31-Aug-2020 20:21:23 UTC] PHP Notice:  Trying to access array offset on value of type null in /var/www/vhosts/webbhostingservices.com/httpdocs/boxbilling/bb-library/Box/Log.php on line 123
[31-Aug-2020 20:21:23 UTC] 8 Trying to access array offset on value of type null /var/www/vhosts/webbhostingservices.com/httpdocs/boxbilling/bb-library/Box/Log.php 123
[31-Aug-2020 20:21:23 UTC] PHP Notice:  Trying to access array offset on value of type null in /var/www/vhosts/webbhostingservices.com/httpdocs/boxbilling/bb-library/Box/Log.php on line 123
[31-Aug-2020 20:21:23 UTC] 8 Trying to access array offset on value of type null /var/www/vhosts/webbhostingservices.com/httpdocs/boxbilling/bb-library/Box/Log.php 123
[31-Aug-2020 20:21:23 UTC] PHP Notice:  Trying to access array offset on value of type null in /var/www/vhosts/webbhostingservices.com/httpdocs/boxbilling/bb-library/Box/Log.php on line 123
[31-Aug-2020 20:21:23 UTC] 8 Trying to access array offset on value of type null /var/www/vhosts/webbhostingservices.com/httpdocs/boxbilling/bb-library/Box/Log.php 123
[31-Aug-2020 20:21:23 UTC] PHP Notice:  Trying to access array offset on value of type null in /var/www/vhosts/webbhostingservices.com/httpdocs/boxbilling/bb-library/Box/Log.php on line 123
[31-Aug-2020 20:21:23 UTC] 8 Trying to access array offset on value of type null /var/www/vhosts/webbhostingservices.com/httpdocs/boxbilling/bb-library/Box/Log.php 123
[31-Aug-2020 20:21:23 UTC] PHP Notice:  Trying to access array offset on value of type null in /var/www/vhosts/webbhostingservices.com/httpdocs/boxbilling/bb-library/Box/Log.php on line 123
[31-Aug-2020 20:25:01 UTC] PHP Parse error:  syntax error, unexpected 'class' (T_CLASS), expecting identifier (T_STRING) or variable (T_VARIABLE) or '{' or '$' in /var/www/vhosts/webbhostingservices.com/httpdocs/boxbilling/bb-di.php on line 153
[31-Aug-2020 20:26:27 UTC] 8 Trying to access array offset on value of type null /var/www/vhosts/webbhostingservices.com/httpdocs/boxbilling/bb-library/Box/Log.php 123
[31-Aug-2020 20:26:27 UTC] PHP Notice:  Trying to access array offset on value of type null in /var/www/vhosts/webbhostingservices.com/httpdocs/boxbilling/bb-library/Box/Log.php on line 123
[31-Aug-2020 20:26:27 UTC] 8 Trying to access array offset on value of type null /var/www/vhosts/webbhostingservices.com/httpdocs/boxbilling/bb-library/Box/Log.php 123
[31-Aug-2020 20:26:27 UTC] PHP Notice:  Trying to access array offset on value of type null in /var/www/vhosts/webbhostingservices.com/httpdocs/boxbilling/bb-library/Box/Log.php on line 123
[31-Aug-2020 20:26:27 UTC] 8 Trying to access array offset on value of type null /var/www/vhosts/webbhostingservices.com/httpdocs/boxbilling/bb-library/Box/Log.php 123
[31-Aug-2020 20:26:27 UTC] PHP Notice:  Trying to access array offset on value of type null in /var/www/vhosts/webbhostingservices.com/httpdocs/boxbilling/bb-library/Box/Log.php on line 123
[31-Aug-2020 20:26:27 UTC] 8 Trying to access array offset on value of type null /var/www/vhosts/webbhostingservices.com/httpdocs/boxbilling/bb-library/Box/Log.php 123
[31-Aug-2020 20:26:27 UTC] PHP Notice:  Trying to access array offset on value of type null in /var/www/vhosts/webbhostingservices.com/httpdocs/boxbilling/bb-library/Box/Log.php on line 123
[31-Aug-2020 20:26:27 UTC] 8 Trying to access array offset on value of type null /var/www/vhosts/webbhostingservices.com/httpdocs/boxbilling/bb-library/Box/Log.php 123
[31-Aug-2020 20:26:27 UTC] PHP Notice:  Trying to access array offset on value of type null in /var/www/vhosts/webbhostingservices.com/httpdocs/boxbilling/bb-library/Box/Log.php on line 123
[31-Aug-2020 20:26:27 UTC] 8 Trying to access array offset on value of type null /var/www/vhosts/webbhostingservices.com/httpdocs/boxbilling/bb-library/Box/Log.php 123
[31-Aug-2020 20:26:27 UTC] PHP Notice:  Trying to access array offset on value of type null in /var/www/vhosts/webbhostingservices.com/httpdocs/boxbilling/bb-library/Box/Log.php on line 123
[31-Aug-2020 20:30:02 UTC] PHP Parse error:  syntax error, unexpected 'class' (T_CLASS), expecting identifier (T_STRING) or variable (T_VARIABLE) or '{' or '$' in /var/www/vhosts/webbhostingservices.com/httpdocs/boxbilling/bb-di.php on line 153
[31-Aug-2020 20:35:01 UTC] PHP Parse error:  syntax error, unexpected 'class' (T_CLASS), expecting identifier (T_STRING) or variable (T_VARIABLE) or '{' or '$' in /var/www/vhosts/webbhostingservices.com/httpdocs/boxbilling/bb-di.php on line 153
[31-Aug-2020 20:40:02 UTC] PHP Parse error:  syntax error, unexpected 'class' (T_CLASS), expecting identifier (T_STRING) or variable (T_VARIABLE) or '{' or '$' in /var/www/vhosts/webbhostingservices.com/httpdocs/boxbilling/bb-di.php on line 153
[31-Aug-2020 20:45:01 UTC] PHP Parse error:  syntax error, unexpected 'class' (T_CLASS), expecting identifier (T_STRING) or variable (T_VARIABLE) or '{' or '$' in /var/www/vhosts/webbhostingservices.com/httpdocs/boxbilling/bb-di.php on line 153
[31-Aug-2020 20:50:02 UTC] PHP Parse error:  syntax error, unexpected 'class' (T_CLASS), expecting identifier (T_STRING) or variable (T_VARIABLE) or '{' or '$' in /var/www/vhosts/webbhostingservices.com/httpdocs/boxbilling/bb-di.php on line 153
[31-Aug-2020 20:55:01 UTC] PHP Parse error:  syntax error, unexpected 'class' (T_CLASS), expecting identifier (T_STRING) or variable (T_VARIABLE) or '{' or '$' in /var/www/vhosts/webbhostingservices.com/httpdocs/boxbilling/bb-di.php on line 153
[31-Aug-2020 21:00:02 UTC] PHP Parse error:  syntax error, unexpected 'class' (T_CLASS), expecting identifier (T_STRING) or variable (T_VARIABLE) or '{' or '$' in /var/www/vhosts/webbhostingservices.com/httpdocs/boxbilling/bb-di.php on line 153
[31-Aug-2020 21:05:01 UTC] PHP Parse error:  syntax error, unexpected 'class' (T_CLASS), expecting identifier (T_STRING) or variable (T_VARIABLE) or '{' or '$' in /var/www/vhosts/webbhostingservices.com/httpdocs/boxbilling/bb-di.php on line 153
[31-Aug-2020 21:06:10 UTC] 
[31-Aug-2020 21:06:10 UTC] 8 Trying to access array offset on value of type null /var/www/vhosts/webbhostingservices.com/httpdocs/boxbilling/bb-library/Box/Log.php 123
[31-Aug-2020 21:06:10 UTC] PHP Notice:  Trying to access array offset on value of type null in /var/www/vhosts/webbhostingservices.com/httpdocs/boxbilling/bb-library/Box/Log.php on line 123
[31-Aug-2020 21:06:10 UTC] 8 Trying to access array offset on value of type null /var/www/vhosts/webbhostingservices.com/httpdocs/boxbilling/bb-library/Box/Log.php 123
[31-Aug-2020 21:06:10 UTC] PHP Notice:  Trying to access array offset on value of type null in /var/www/vhosts/webbhostingservices.com/httpdocs/boxbilling/bb-library/Box/Log.php on line 123
[31-Aug-2020 21:06:10 UTC] 8 Trying to access array offset on value of type null /var/www/vhosts/webbhostingservices.com/httpdocs/boxbilling/bb-library/Box/Log.php 123
[31-Aug-2020 21:06:10 UTC] PHP Notice:  Trying to access array offset on value of type null in /var/www/vhosts/webbhostingservices.com/httpdocs/boxbilling/bb-library/Box/Log.php on line 123
[31-Aug-2020 21:06:10 UTC] 8 Trying to access array offset on value of type null /var/www/vhosts/webbhostingservices.com/httpdocs/boxbilling/bb-library/Box/Log.php 123
[31-Aug-2020 21:06:10 UTC] PHP Notice:  Trying to access array offset on value of type null in /var/www/vhosts/webbhostingservices.com/httpdocs/boxbilling/bb-library/Box/Log.php on line 123
[31-Aug-2020 21:06:10 UTC] 8 Trying to access array offset on value of type null /var/www/vhosts/webbhostingservices.com/httpdocs/boxbilling/bb-library/Box/Log.php 123
[31-Aug-2020 21:06:10 UTC] PHP Notice:  Trying to access array offset on value of type null in /var/www/vhosts/webbhostingservices.com/httpdocs/boxbilling/bb-library/Box/Log.php on line 123
[31-Aug-2020 21:06:10 UTC] 8 Trying to access array offset on value of type null /var/www/vhosts/webbhostingservices.com/httpdocs/boxbilling/bb-library/Box/Log.php 123
[31-Aug-2020 21:06:10 UTC] PHP Notice:  Trying to access array offset on value of type null in /var/www/vhosts/webbhostingservices.com/httpdocs/boxbilling/bb-library/Box/Log.php on line 123
[31-Aug-2020 21:06:22 UTC] 8 Trying to access array offset on value of type null /var/www/vhosts/webbhostingservices.com/httpdocs/boxbilling/bb-library/Box/Log.php 123
[31-Aug-2020 21:06:22 UTC] PHP Notice:  Trying to access array offset on value of type null in /var/www/vhosts/webbhostingservices.com/httpdocs/boxbilling/bb-library/Box/Log.php on line 123
[31-Aug-2020 21:06:22 UTC] 8 Trying to access array offset on value of type null /var/www/vhosts/webbhostingservices.com/httpdocs/boxbilling/bb-library/Box/Log.php 123
[31-Aug-2020 21:06:22 UTC] PHP Notice:  Trying to access array offset on value of type null in /var/www/vhosts/webbhostingservices.com/httpdocs/boxbilling/bb-library/Box/Log.php on line 123
[31-Aug-2020 21:06:22 UTC] 8 Trying to access array offset on value of type null /var/www/vhosts/webbhostingservices.com/httpdocs/boxbilling/bb-library/Box/Log.php 123
[31-Aug-2020 21:06:22 UTC] PHP Notice:  Trying to access array offset on value of type null in /var/www/vhosts/webbhostingservices.com/httpdocs/boxbilling/bb-library/Box/Log.php on line 123
[31-Aug-2020 21:06:22 UTC] 8 Trying to access array offset on value of type null /var/www/vhosts/webbhostingservices.com/httpdocs/boxbilling/bb-library/Box/Log.php 123
[31-Aug-2020 21:06:22 UTC] PHP Notice:  Trying to access array offset on value of type null in /var/www/vhosts/webbhostingservices.com/httpdocs/boxbilling/bb-library/Box/Log.php on line 123
[31-Aug-2020 21:06:22 UTC] 8 Trying to access array offset on value of type null /var/www/vhosts/webbhostingservices.com/httpdocs/boxbilling/bb-library/Box/Log.php 123
[31-Aug-2020 21:06:22 UTC] PHP Notice:  Trying to access array offset on value of type null in /var/www/vhosts/webbhostingservices.com/httpdocs/boxbilling/bb-library/Box/Log.php on line 123
[31-Aug-2020 21:06:22 UTC] 8 Trying to access array offset on value of type null /var/www/vhosts/webbhostingservices.com/httpdocs/boxbilling/bb-library/Box/Log.php 123
[31-Aug-2020 21:06:22 UTC] PHP Notice:  Trying to access array offset on value of type null in /var/www/vhosts/webbhostingservices.com/httpdocs/boxbilling/bb-library/Box/Log.php on line 123
[31-Aug-2020 21:10:02 UTC] PHP Parse error:  syntax error, unexpected 'class' (T_CLASS), expecting identifier (T_STRING) or variable (T_VARIABLE) or '{' or '$' in /var/www/vhosts/webbhostingservices.com/httpdocs/boxbilling/bb-di.php on line 153
[31-Aug-2020 21:15:01 UTC] PHP Parse error:  syntax error, unexpected 'class' (T_CLASS), expecting identifier (T_STRING) or variable (T_VARIABLE) or '{' or '$' in /var/www/vhosts/webbhostingservices.com/httpdocs/boxbilling/bb-di.php on line 153
[31-Aug-2020 21:20:01 UTC] PHP Parse error:  syntax error, unexpected 'class' (T_CLASS), expecting identifier (T_STRING) or variable (T_VARIABLE) or '{' or '$' in /var/www/vhosts/webbhostingservices.com/httpdocs/boxbilling/bb-di.php on line 153
[31-Aug-2020 21:25:01 UTC] PHP Parse error:  syntax error, unexpected 'class' (T_CLASS), expecting identifier (T_STRING) or variable (T_VARIABLE) or '{' or '$' in /var/www/vhosts/webbhostingservices.com/httpdocs/boxbilling/bb-di.php on line 153
[31-Aug-2020 21:30:01 UTC] PHP Parse error:  syntax error, unexpected 'class' (T_CLASS), expecting identifier (T_STRING) or variable (T_VARIABLE) or '{' or '$' in /var/www/vhosts/webbhostingservices.com/httpdocs/boxbilling/bb-di.php on line 153
[31-Aug-2020 21:35:02 UTC] PHP Parse error:  syntax error, unexpected 'class' (T_CLASS), expecting identifier (T_STRING) or variable (T_VARIABLE) or '{' or '$' in /var/www/vhosts/webbhostingservices.com/httpdocs/boxbilling/bb-di.php on line 153
[31-Aug-2020 21:40:01 UTC] PHP Parse error:  syntax error, unexpected 'class' (T_CLASS), expecting identifier (T_STRING) or variable (T_VARIABLE) or '{' or '$' in /var/www/vhosts/webbhostingservices.com/httpdocs/boxbilling/bb-di.php on line 153
[31-Aug-2020 21:45:01 UTC] PHP Parse error:  syntax error, unexpected 'class' (T_CLASS), expecting identifier (T_STRING) or variable (T_VARIABLE) or '{' or '$' in /var/www/vhosts/webbhostingservices.com/httpdocs/boxbilling/bb-di.php on line 153
[31-Aug-2020 21:50:01 UTC] PHP Parse error:  syntax error, unexpected 'class' (T_CLASS), expecting identifier (T_STRING) or variable (T_VARIABLE) or '{' or '$' in /var/www/vhosts/webbhostingservices.com/httpdocs/boxbilling/bb-di.php on line 153
[31-Aug-2020 21:55:02 UTC] PHP Parse error:  syntax error, unexpected 'class' (T_CLASS), expecting identifier (T_STRING) or variable (T_VARIABLE) or '{' or '$' in /var/www/vhosts/webbhostingservices.com/httpdocs/boxbilling/bb-di.php on line 153
[31-Aug-2020 22:00:01 UTC] PHP Parse error:  syntax error, unexpected 'class' (T_CLASS), expecting identifier (T_STRING) or variable (T_VARIABLE) or '{' or '$' in /var/www/vhosts/webbhostingservices.com/httpdocs/boxbilling/bb-di.php on line 153
[31-Aug-2020 22:05:01 UTC] PHP Parse error:  syntax error, unexpected 'class' (T_CLASS), expecting identifier (T_STRING) or variable (T_VARIABLE) or '{' or '$' in /var/www/vhosts/webbhostingservices.com/httpdocs/boxbilling/bb-di.php on line 153
[31-Aug-2020 22:10:01 UTC] PHP Parse error:  syntax error, unexpected 'class' (T_CLASS), expecting identifier (T_STRING) or variable (T_VARIABLE) or '{' or '$' in /var/www/vhosts/webbhostingservices.com/httpdocs/boxbilling/bb-di.php on line 153
[31-Aug-2020 22:15:02 UTC] PHP Parse error:  syntax error, unexpected 'class' (T_CLASS), expecting identifier (T_STRING) or variable (T_VARIABLE) or '{' or '$' in /var/www/vhosts/webbhostingservices.com/httpdocs/boxbilling/bb-di.php on line 153
[31-Aug-2020 22:20:01 UTC] PHP Parse error:  syntax error, unexpected 'class' (T_CLASS), expecting identifier (T_STRING) or variable (T_VARIABLE) or '{' or '$' in /var/www/vhosts/webbhostingservices.com/httpdocs/boxbilling/bb-di.php on line 153
[31-Aug-2020 22:25:01 UTC] PHP Parse error:  syntax error, unexpected 'class' (T_CLASS), expecting identifier (T_STRING) or variable (T_VARIABLE) or '{' or '$' in /var/www/vhosts/webbhostingservices.com/httpdocs/boxbilling/bb-di.php on line 153
[31-Aug-2020 22:30:01 UTC] PHP Parse error:  syntax error, unexpected 'class' (T_CLASS), expecting identifier (T_STRING) or variable (T_VARIABLE) or '{' or '$' in /var/www/vhosts/webbhostingservices.com/httpdocs/boxbilling/bb-di.php on line 153
[31-Aug-2020 22:35:01 UTC] PHP Parse error:  syntax error, unexpected 'class' (T_CLASS), expecting identifier (T_STRING) or variable (T_VARIABLE) or '{' or '$' in /var/www/vhosts/webbhostingservices.com/httpdocs/boxbilling/bb-di.php on line 153
[31-Aug-2020 22:40:02 UTC] PHP Parse error:  syntax error, unexpected 'class' (T_CLASS), expecting identifier (T_STRING) or variable (T_VARIABLE) or '{' or '$' in /var/www/vhosts/webbhostingservices.com/httpdocs/boxbilling/bb-di.php on line 153
[31-Aug-2020 22:45:01 UTC] PHP Parse error:  syntax error, unexpected 'class' (T_CLASS), expecting identifier (T_STRING) or variable (T_VARIABLE) or '{' or '$' in /var/www/vhosts/webbhostingservices.com/httpdocs/boxbilling/bb-di.php on line 153
[31-Aug-2020 22:50:01 UTC] PHP Parse error:  syntax error, unexpected 'class' (T_CLASS), expecting identifier (T_STRING) or variable (T_VARIABLE) or '{' or '$' in /var/www/vhosts/webbhostingservices.com/httpdocs/boxbilling/bb-di.php on line 153
[31-Aug-2020 22:55:01 UTC] PHP Parse error:  syntax error, unexpected 'class' (T_CLASS), expecting identifier (T_STRING) or variable (T_VARIABLE) or '{' or '$' in /var/www/vhosts/webbhostingservices.com/httpdocs/boxbilling/bb-di.php on line 153
[31-Aug-2020 23:00:01 UTC] PHP Parse error:  syntax error, unexpected 'class' (T_CLASS), expecting identifier (T_STRING) or variable (T_VARIABLE) or '{' or '$' in /var/www/vhosts/webbhostingservices.com/httpdocs/boxbilling/bb-di.php on line 153
[31-Aug-2020 23:05:01 UTC] PHP Parse error:  syntax error, unexpected 'class' (T_CLASS), expecting identifier (T_STRING) or variable (T_VARIABLE) or '{' or '$' in /var/www/vhosts/webbhostingservices.com/httpdocs/boxbilling/bb-di.php on line 153
[31-Aug-2020 23:10:01 UTC] PHP Parse error:  syntax error, unexpected 'class' (T_CLASS), expecting identifier (T_STRING) or variable (T_VARIABLE) or '{' or '$' in /var/www/vhosts/webbhostingservices.com/httpdocs/boxbilling/bb-di.php on line 153
[31-Aug-2020 23:15:01 UTC] PHP Parse error:  syntax error, unexpected 'class' (T_CLASS), expecting identifier (T_STRING) or variable (T_VARIABLE) or '{' or '$' in /var/www/vhosts/webbhostingservices.com/httpdocs/boxbilling/bb-di.php on line 153
[31-Aug-2020 23:20:01 UTC] PHP Parse error:  syntax error, unexpected 'class' (T_CLASS), expecting identifier (T_STRING) or variable (T_VARIABLE) or '{' or '$' in /var/www/vhosts/webbhostingservices.com/httpdocs/boxbilling/bb-di.php on line 153
[31-Aug-2020 23:25:01 UTC] PHP Parse error:  syntax error, unexpected 'class' (T_CLASS), expecting identifier (T_STRING) or variable (T_VARIABLE) or '{' or '$' in /var/www/vhosts/webbhostingservices.com/httpdocs/boxbilling/bb-di.php on line 153
[31-Aug-2020 23:30:02 UTC] PHP Parse error:  syntax error, unexpected 'class' (T_CLASS), expecting identifier (T_STRING) or variable (T_VARIABLE) or '{' or '$' in /var/www/vhosts/webbhostingservices.com/httpdocs/boxbilling/bb-di.php on line 153
[31-Aug-2020 23:35:01 UTC] PHP Parse error:  syntax error, unexpected 'class' (T_CLASS), expecting identifier (T_STRING) or variable (T_VARIABLE) or '{' or '$' in /var/www/vhosts/webbhostingservices.com/httpdocs/boxbilling/bb-di.php on line 153
[31-Aug-2020 23:40:02 UTC] PHP Parse error:  syntax error, unexpected 'class' (T_CLASS), expecting identifier (T_STRING) or variable (T_VARIABLE) or '{' or '$' in /var/www/vhosts/webbhostingservices.com/httpdocs/boxbilling/bb-di.php on line 153
[31-Aug-2020 23:45:02 UTC] PHP Parse error:  syntax error, unexpected 'class' (T_CLASS), expecting identifier (T_STRING) or variable (T_VARIABLE) or '{' or '$' in /var/www/vhosts/webbhostingservices.com/httpdocs/boxbilling/bb-di.php on line 153
[31-Aug-2020 23:50:02 UTC] PHP Parse error:  syntax error, unexpected 'class' (T_CLASS), expecting identifier (T_STRING) or variable (T_VARIABLE) or '{' or '$' in /var/www/vhosts/webbhostingservices.com/httpdocs/boxbilling/bb-di.php on line 153
[31-Aug-2020 23:55:02 UTC] PHP Parse error:  syntax error, unexpected 'class' (T_CLASS), expecting identifier (T_STRING) or variable (T_VARIABLE) or '{' or '$' in /var/www/vhosts/webbhostingservices.com/httpdocs/boxbilling/bb-di.php on line 153
[01-Sep-2020 00:00:01 UTC] PHP Parse error:  syntax error, unexpected 'class' (T_CLASS), expecting identifier (T_STRING) or variable (T_VARIABLE) or '{' or '$' in /var/www/vhosts/webbhostingservices.com/httpdocs/boxbilling/bb-di.php on line 153
[01-Sep-2020 00:05:01 UTC] PHP Parse error:  syntax error, unexpected 'class' (T_CLASS), expecting identifier (T_STRING) or variable (T_VARIABLE) or '{' or '$' in /var/www/vhosts/webbhostingservices.com/httpdocs/boxbilling/bb-di.php on line 153
