[28-Sep-2020 17:41:24 UTC] PHP Fatal error:  Uncaught Error: Class 'Twig\Loader\FilesystemLoader' not found in /var/www/vhosts/webbhostingservices.com/httpdocs/boxbilling/src/install/index.php:181
Stack trace:
#0 /var/www/vhosts/webbhostingservices.com/httpdocs/boxbilling/src/install/index.php(165): Box_Installer->render()
#1 /var/www/vhosts/webbhostingservices.com/httpdocs/boxbilling/src/install/index.php(455): Box_Installer->run()
#2 {main}
  thrown in /var/www/vhosts/webbhostingservices.com/httpdocs/boxbilling/src/install/index.php on line 181
[28-Sep-2020 17:41:26 UTC] PHP Fatal error:  Uncaught Error: Class 'Twig\Loader\FilesystemLoader' not found in /var/www/vhosts/webbhostingservices.com/httpdocs/boxbilling/src/install/index.php:181
Stack trace:
#0 /var/www/vhosts/webbhostingservices.com/httpdocs/boxbilling/src/install/index.php(165): Box_Installer->render()
#1 /var/www/vhosts/webbhostingservices.com/httpdocs/boxbilling/src/install/index.php(455): Box_Installer->run()
#2 {main}
  thrown in /var/www/vhosts/webbhostingservices.com/httpdocs/boxbilling/src/install/index.php on line 181
[28-Sep-2020 17:41:57 UTC] PHP Fatal error:  Uncaught Error: Class 'Twig\Loader\FilesystemLoader' not found in /var/www/vhosts/webbhostingservices.com/httpdocs/boxbilling/src/install/index.php:181
Stack trace:
#0 /var/www/vhosts/webbhostingservices.com/httpdocs/boxbilling/src/install/index.php(165): Box_Installer->render()
#1 /var/www/vhosts/webbhostingservices.com/httpdocs/boxbilling/src/install/index.php(455): Box_Installer->run()
#2 {main}
  thrown in /var/www/vhosts/webbhostingservices.com/httpdocs/boxbilling/src/install/index.php on line 181
[28-Sep-2020 17:42:38 UTC] PHP Fatal error:  Uncaught Error: Class 'Twig\Loader\FilesystemLoader' not found in /var/www/vhosts/webbhostingservices.com/httpdocs/boxbilling/src/install/index.php:181
Stack trace:
#0 /var/www/vhosts/webbhostingservices.com/httpdocs/boxbilling/src/install/index.php(165): Box_Installer->render()
#1 /var/www/vhosts/webbhostingservices.com/httpdocs/boxbilling/src/install/index.php(455): Box_Installer->run()
#2 {main}
  thrown in /var/www/vhosts/webbhostingservices.com/httpdocs/boxbilling/src/install/index.php on line 181
[28-Sep-2020 17:43:58 UTC] PHP Fatal error:  Uncaught Error: Class 'Twig\Loader\FilesystemLoader' not found in /var/www/vhosts/webbhostingservices.com/httpdocs/boxbilling/src/install/index.php:181
Stack trace:
#0 /var/www/vhosts/webbhostingservices.com/httpdocs/boxbilling/src/install/index.php(165): Box_Installer->render()
#1 /var/www/vhosts/webbhostingservices.com/httpdocs/boxbilling/src/install/index.php(455): Box_Installer->run()
#2 {main}
  thrown in /var/www/vhosts/webbhostingservices.com/httpdocs/boxbilling/src/install/index.php on line 181
[28-Sep-2020 17:44:30 UTC] PHP Fatal error:  Uncaught Error: Class 'Twig\Loader\FilesystemLoader' not found in /var/www/vhosts/webbhostingservices.com/httpdocs/boxbilling/src/install/index.php:181
Stack trace:
#0 /var/www/vhosts/webbhostingservices.com/httpdocs/boxbilling/src/install/index.php(165): Box_Installer->render()
#1 /var/www/vhosts/webbhostingservices.com/httpdocs/boxbilling/src/install/index.php(455): Box_Installer->run()
#2 {main}
  thrown in /var/www/vhosts/webbhostingservices.com/httpdocs/boxbilling/src/install/index.php on line 181
[28-Sep-2020 17:45:03 UTC] PHP Fatal error:  Uncaught Error: Class 'Twig\Loader\FilesystemLoader' not found in /var/www/vhosts/webbhostingservices.com/httpdocs/boxbilling/src/install/index.php:181
Stack trace:
#0 /var/www/vhosts/webbhostingservices.com/httpdocs/boxbilling/src/install/index.php(165): Box_Installer->render()
#1 /var/www/vhosts/webbhostingservices.com/httpdocs/boxbilling/src/install/index.php(455): Box_Installer->run()
#2 {main}
  thrown in /var/www/vhosts/webbhostingservices.com/httpdocs/boxbilling/src/install/index.php on line 181
[28-Sep-2020 17:45:06 UTC] PHP Fatal error:  Uncaught Error: Class 'Twig\Loader\FilesystemLoader' not found in /var/www/vhosts/webbhostingservices.com/httpdocs/boxbilling/src/install/index.php:181
Stack trace:
#0 /var/www/vhosts/webbhostingservices.com/httpdocs/boxbilling/src/install/index.php(165): Box_Installer->render()
#1 /var/www/vhosts/webbhostingservices.com/httpdocs/boxbilling/src/install/index.php(455): Box_Installer->run()
#2 {main}
  thrown in /var/www/vhosts/webbhostingservices.com/httpdocs/boxbilling/src/install/index.php on line 181
[28-Sep-2020 17:45:13 UTC] PHP Fatal error:  Uncaught Error: Class 'Twig\Loader\FilesystemLoader' not found in /var/www/vhosts/webbhostingservices.com/httpdocs/boxbilling/src/install/index.php:181
Stack trace:
#0 /var/www/vhosts/webbhostingservices.com/httpdocs/boxbilling/src/install/index.php(165): Box_Installer->render()
#1 /var/www/vhosts/webbhostingservices.com/httpdocs/boxbilling/src/install/index.php(455): Box_Installer->run()
#2 {main}
  thrown in /var/www/vhosts/webbhostingservices.com/httpdocs/boxbilling/src/install/index.php on line 181
[28-Sep-2020 18:09:14 UTC] PHP Fatal error:  Uncaught Error: Class 'Twig\Loader\FilesystemLoader' not found in /var/www/vhosts/webbhostingservices.com/httpdocs/boxbilling/src/install/index.php:181
Stack trace:
#0 /var/www/vhosts/webbhostingservices.com/httpdocs/boxbilling/src/install/index.php(165): Box_Installer->render()
#1 /var/www/vhosts/webbhostingservices.com/httpdocs/boxbilling/src/install/index.php(455): Box_Installer->run()
#2 {main}
  thrown in /var/www/vhosts/webbhostingservices.com/httpdocs/boxbilling/src/install/index.php on line 181
[28-Sep-2020 18:15:30 UTC] PHP Warning:  mysqli::__construct(): (HY000/1045): Access denied for user 'boxbilling'@'localhost' (using password: YES) in /var/www/vhosts/webbhostingservices.com/httpdocs/boxbilling/src/install/index.php on line 200
[28-Sep-2020 18:15:30 UTC] PHP Stack trace:
[28-Sep-2020 18:15:30 UTC] PHP   1. {main}() /var/www/vhosts/webbhostingservices.com/httpdocs/boxbilling/src/install/index.php:0
[28-Sep-2020 18:15:30 UTC] PHP   2. Box_Installer->run() /var/www/vhosts/webbhostingservices.com/httpdocs/boxbilling/src/install/index.php:455
[28-Sep-2020 18:15:30 UTC] PHP   3. Box_Installer->canConnectToDatabase() /var/www/vhosts/webbhostingservices.com/httpdocs/boxbilling/src/install/index.php:67
[28-Sep-2020 18:15:30 UTC] PHP   4. mysqli->__construct() /var/www/vhosts/webbhostingservices.com/httpdocs/boxbilling/src/install/index.php:200
[28-Sep-2020 18:19:02 UTC] PHP Warning:  mysqli::__construct(): (HY000/1045): Access denied for user 'boxbilling'@'localhost' (using password: YES) in /var/www/vhosts/webbhostingservices.com/httpdocs/boxbilling/src/install/index.php on line 200
[28-Sep-2020 18:19:02 UTC] PHP Stack trace:
[28-Sep-2020 18:19:02 UTC] PHP   1. {main}() /var/www/vhosts/webbhostingservices.com/httpdocs/boxbilling/src/install/index.php:0
[28-Sep-2020 18:19:02 UTC] PHP   2. Box_Installer->run() /var/www/vhosts/webbhostingservices.com/httpdocs/boxbilling/src/install/index.php:455
[28-Sep-2020 18:19:02 UTC] PHP   3. Box_Installer->canConnectToDatabase() /var/www/vhosts/webbhostingservices.com/httpdocs/boxbilling/src/install/index.php:67
[28-Sep-2020 18:19:02 UTC] PHP   4. mysqli->__construct() /var/www/vhosts/webbhostingservices.com/httpdocs/boxbilling/src/install/index.php:200
