2022-05-18 13:25:17 DEBUG (7): onBeforeAdminLogin: array (
  'email' => 'alice@local.dev',
  'password' => '!A9e0dfa',
  'ip' => '172.16.238.1',
)
2022-05-18 13:25:17 DEBUG (7): onAfterAdminLogin: array (
  'id' => '1',
  'ip' => '172.16.238.1',
)
2022-05-18 13:25:17 INFO (6): Staff member 1 logged in
2022-05-18 13:25:21 DEBUG (7): onBeforeAdminLogin: array (
  'email' => 'alice@local.dev',
  'password' => '!A9e0dfa',
  'ip' => '172.16.238.1',
)
2022-05-18 13:25:21 DEBUG (7): onAfterAdminLogin: array (
  'id' => '1',
  'ip' => '172.16.238.1',
)
2022-05-18 13:25:21 INFO (6): Staff member 1 logged in
2022-05-18 13:26:02 DEBUG (7): onBeforeAdminLogin: array (
  'email' => 'alice@local.dev',
  'password' => '!A9e0dfa',
  'ip' => '172.16.238.1',
)
2022-05-18 13:26:02 DEBUG (7): onAfterAdminLogin: array (
  'id' => '1',
  'ip' => '172.16.238.1',
)
2022-05-18 13:26:02 INFO (6): Staff member 1 logged in
2022-05-18 15:09:52 INFO (6): Logged in as client #1
2022-05-18 15:10:03 DEBUG (7): onBeforeClientOpenTicket: array (
  'support_helpdesk_id' => '1',
  'subject' => 'hi',
  'content' => 'help',
  'client_id' => '1',
)
2022-05-18 15:10:03 DEBUG (7): onAfterClientOpenTicket: array (
  'id' => '1',
)
2022-05-18 15:10:03 INFO (6): Submitted new ticket "1"
2022-05-18 15:10:23 DEBUG (7): onAfterAdminReplyTicket: array (
  'id' => '1',
)
2022-05-18 15:10:23 INFO (6): Replied to ticket "1"
2022-05-18 15:10:43 DEBUG (7): onAfterClientReplyTicket: array (
  'id' => '1',
)
2022-05-18 15:10:43 INFO (6): Replied to ticket "1"
